\BOOKMARK [0][-]{chapter.1}{Introduction}{}% 1
\BOOKMARK [0][-]{chapter.2}{Background and Literature Review}{}% 2
\BOOKMARK [1][-]{section.2.1}{Beam Instrumentation}{chapter.2}% 3
\BOOKMARK [1][-]{section.2.2}{Feature Scaling and Reduction Techniques}{chapter.2}% 4
\BOOKMARK [1][-]{section.2.3}{Unsupervised Anomaly Detection Techniques}{chapter.2}% 5
\BOOKMARK [1][-]{section.2.4}{Anomaly Detection at CERN}{chapter.2}% 6
\BOOKMARK [1][-]{section.2.5}{Software Implementation}{chapter.2}% 7
\BOOKMARK [0][-]{chapter.3}{Methodology}{}% 8
\BOOKMARK [1][-]{section.3.1}{Data Collection}{chapter.3}% 9
\BOOKMARK [1][-]{section.3.2}{Data Cleaning and Analysis}{chapter.3}% 10
\BOOKMARK [2][-]{subsection.3.2.1}{TDI BLMs}{section.3.2}% 11
\BOOKMARK [2][-]{subsection.3.2.2}{Abort Gap}{section.3.2}% 12
\BOOKMARK [2][-]{subsection.3.2.3}{SPS and LHC Intensities}{section.3.2}% 13
\BOOKMARK [2][-]{subsection.3.2.4}{TL BLMs}{section.3.2}% 14
\BOOKMARK [2][-]{subsection.3.2.5}{TL BPMs}{section.3.2}% 15
\BOOKMARK [2][-]{subsection.3.2.6}{Number of Bunches}{section.3.2}% 16
\BOOKMARK [1][-]{section.3.3}{Feature Selection}{chapter.3}% 17
\BOOKMARK [1][-]{section.3.4}{Merging the Dataset}{chapter.3}% 18
\BOOKMARK [0][-]{chapter.4}{Results}{}% 19
\BOOKMARK [1][-]{section.4.1}{Beam Displacement Over Time}{chapter.4}% 20
\BOOKMARK [0][-]{section*.72}{References}{}% 21
