This is pdfTeX, Version 3.14159265-2.6-1.40.16 (TeX Live 2015/Debian) (preloaded format=pdflatex 2019.1.8)  21 MAY 2019 17:28
entering extended mode
 restricted \write18 enabled.
 %&-line parsing enabled.
**main.tex
(./main.tex
LaTeX2e <2016/02/01>
Babel <3.9q> and hyphenation patterns for 81 language(s) loaded.
(/usr/share/texlive/texmf-dist/tex/latex/nag/nag.sty
Package: nag 2011/11/25 0.7 warning about old commands (ulmi)
\c@nag@c=\count79
\c@nag@sins=\count80
Package nag Info: Loaded nag-l2tabu.cfg  on input line 552.

(/usr/share/texlive/texmf-dist/tex/latex/nag/nag-l2tabu.cfg
File: nag-l2tabu.cfg 2010/05/17 v2.11 l2tabu rules for nag.sty (ulmi)
)
Package nag Info: Loaded nag-orthodox.cfg  on input line 552.

(/usr/share/texlive/texmf-dist/tex/latex/nag/nag-orthodox.cfg
File: nag-orthodox.cfg 2006/04/19 v1.8 strict rules for nag.sty (ulmi)
)) (./um.cls
Document Class: um 2018/05/01-2018/12/14 v1.1.6 University of Malta, Dissertati
on/FYP/Thesis Template
(/usr/share/texlive/texmf-dist/tex/latex/memoir/memoir.cls
Document Class: memoir 2015/07/08 v3.7e configurable book, report, article docu
ment class
\onelineskip=\skip41
\lxvchars=\skip42
\xlvchars=\skip43
\@memcnta=\count81
\c@@memmarkcntra=\count82
(/usr/share/texlive/texmf-dist/tex/generic/oberdiek/ifpdf.sty
Package: ifpdf 2011/01/30 v2.3 Provides the ifpdf switch (HO)
Package ifpdf Info: pdfTeX in PDF mode is detected.
)
(/usr/share/texlive/texmf-dist/tex/latex/ifetex/ifetex.sty
Package: ifetex 2011/12/15 v1.2 ifetex

(/usr/share/texlive/texmf-dist/tex/plain/ifetex/ifetex.tex))
(/usr/share/texlive/texmf-dist/tex/generic/ifxetex/ifxetex.sty
Package: ifxetex 2010/09/12 v0.6 Provides ifxetex conditional
)
(/usr/share/texlive/texmf-dist/tex/generic/oberdiek/ifluatex.sty
Package: ifluatex 2010/03/01 v1.3 Provides the ifluatex switch (HO)
Package ifluatex Info: LuaTeX not detected.
)
\stockheight=\skip44
\stockwidth=\skip45
\trimtop=\skip46
\trimedge=\skip47

(/usr/share/texlive/texmf-dist/tex/latex/memoir/mem11.clo
File: mem11.clo 2008/01/30 v0.3 memoir class 11pt size option
)
\binding=\skip48
\spinemargin=\skip49
\foremargin=\skip50
\uppermargin=\skip51
\lowermargin=\skip52
\headdrop=\skip53
\normalrulethickness=\skip54
\mem@maxheadheight=\skip55
\mem@maxfootheight=\skip56
\headwidth=\skip57
\c@storedpagenumber=\count83
\memPD=\dimen102
\m@mabparskip=\skip58
\thanksmarkwidth=\skip59
\thanksmarksep=\skip60
\droptitle=\skip61
\c@book=\count84
\c@part=\count85
\c@chapter=\count86
\c@section=\count87
\c@subsection=\count88
\c@subsubsection=\count89
\c@paragraph=\count90
\c@subparagraph=\count91
\beforechapskip=\skip62
\midchapskip=\skip63
\afterchapskip=\skip64
\chapindent=\skip65
\bottomsectionskip=\skip66
\secindent=\skip67
\beforesecskip=\skip68
\aftersecskip=\skip69
\subsecindent=\skip70
\beforesubsecskip=\skip71
\aftersubsecskip=\skip72
\subsubsecindent=\skip73
\beforesubsubsecskip=\skip74
\aftersubsubsecskip=\skip75
\paraindent=\skip76
\beforeparaskip=\skip77
\afterparaskip=\skip78
\subparaindent=\skip79
\beforesubparaskip=\skip80
\aftersubparaskip=\skip81
\pfbreakskip=\skip82
\c@@ppsavesec=\count92
\c@@ppsaveapp=\count93
\ragrparindent=\dimen103
\everylistparindent=\dimen104
\parsepi=\skip83
\topsepi=\skip84
\itemsepi=\skip85
\parsepii=\skip86
\topsepii=\skip87
\topsepiii=\skip88
\itemsepii=\skip89
\itemsepiii=\skip90
\partopsepii=\skip91
\partopsepiii=\skip92
\m@msavetopsep=\skip93
\m@msavepartopsep=\skip94
\@enLab=\toks14
\abstitleskip=\skip95
\absleftindent=\skip96
\abs@leftindent=\dimen105
\absrightindent=\skip97
\absparindent=\skip98
\absparsep=\skip99
\c@vslineno=\count94
\c@poemline=\count95
\c@modulo@vs=\count96
\c@memfvsline=\count97
\vleftskip=\skip100
\vrightskip=\skip101
\stanzaskip=\skip102
\versewidth=\skip103
\vgap=\skip104
\vindent=\skip105
\vleftmargin=\dimen106
\c@verse=\count98
\c@chrsinstr=\count99
\beforepoemtitleskip=\skip106
\afterpoemtitleskip=\skip107
\c@poem=\count100
\beforePoemTitleskip=\skip108
\midPoemTitleskip=\skip109
\afterPoemTitleskip=\skip110
\col@sep=\dimen107
\extrarowheight=\dimen108
\NC@list=\toks15
\extratabsurround=\skip111
\backup@length=\skip112
\TX@col@width=\dimen109
\TX@old@table=\dimen110
\TX@old@col=\dimen111
\TX@target=\dimen112
\TX@delta=\dimen113
\TX@cols=\count101
\TX@ftn=\toks16
\heavyrulewidth=\dimen114
\lightrulewidth=\dimen115
\cmidrulewidth=\dimen116
\belowrulesep=\dimen117
\belowbottomsep=\dimen118
\aboverulesep=\dimen119
\abovetopsep=\dimen120
\cmidrulesep=\dimen121
\cmidrulekern=\dimen122
\defaultaddspace=\dimen123
\@cmidla=\count102
\@cmidlb=\count103
\@aboverulesep=\dimen124
\@belowrulesep=\dimen125
\@thisruleclass=\count104
\@lastruleclass=\count105
\@thisrulewidth=\dimen126
\ctableftskip=\skip113
\ctabrightskip=\skip114
\abovecolumnspenalty=\count106
\@linestogo=\count107
\@cellstogo=\count108
\@cellsincolumn=\count109
\crtok=\toks17
\@mincolumnwidth=\dimen127
\c@newflo@tctr=\count110
\mem@margin@floatbox=\box26
\@contcwidth=\skip115
\@contindw=\skip116
\abovecaptionskip=\skip117
\belowcaptionskip=\skip118
\subfloattopskip=\skip119
\subfloatcapskip=\skip120
\subfloatcaptopadj=\skip121
\subfloatbottomskip=\skip122
\subfloatlabelskip=\skip123
\subfloatcapmargin=\dimen128
\c@@contsubnum=\count111
\m@mscap@capbox=\box27
\m@mscap@fbox=\box28
\sidecapsep=\dimen129
\sidecapwidth=\dimen130
\m@m@tempdima=\dimen131
\m@mscapraise=\dimen132
\sidecapraise=\dimen133
\m@mscapmainwidth=\dimen134
\m@mscaplkern=\dimen135
\beforeepigraphskip=\skip124
\afterepigraphskip=\skip125
\epigraphwidth=\skip126
\epigraphrule=\skip127
LaTeX Info: Redefining \em on input line 7535.
LaTeX Info: Redefining \emph on input line 7543.
\tocentryskip=\skip128
\tocbaseline=\skip129
\cftparskip=\skip130
\cftbeforebookskip=\skip131
\cftbookindent=\dimen136
\cftbooknumwidth=\dimen137
\cftbeforepartskip=\skip132
\cftpartindent=\skip133
\cftpartnumwidth=\skip134
\cftbeforechapterskip=\skip135
\cftchapterindent=\skip136
\cftchapternumwidth=\skip137
\cftbeforesectionskip=\skip138
\cftsectionindent=\skip139
\cftsectionnumwidth=\skip140
\cftbeforesubsectionskip=\skip141
\cftsubsectionindent=\skip142
\cftsubsectionnumwidth=\skip143
\cftbeforesubsubsectionskip=\skip144
\cftsubsubsectionindent=\skip145
\cftsubsubsectionnumwidth=\skip146
\cftbeforeparagraphskip=\skip147
\cftparagraphindent=\skip148
\cftparagraphnumwidth=\skip149
\cftbeforesubparagraphskip=\skip150
\cftsubparagraphindent=\skip151
\cftsubparagraphnumwidth=\skip152
\prechapterprecisshift=\dimen138
\c@maxsecnumdepth=\count112
\bibindent=\dimen139
\bibitemsep=\skip153
\indexcolsep=\skip154
\indexrule=\skip155
\indexmarkstyle=\toks18
\@indexbox=\insert199
\glossarycolsep=\dimen140
\glossaryrule=\dimen141
\sideparvshift=\skip156
\sideins=\insert198
\sidebartopsep=\skip157
\sidebarhsep=\skip158
\sidebarvsep=\skip159
\sidebarwidth=\skip160
\footmarkwidth=\skip161
\footmarksep=\skip162
\footparindent=\skip163
\footinsdim=\skip164
\footinsv@r=\insert197
\@mpfootinsv@r=\insert196
\m@m@k=\count113
\m@m@h=\dimen142
\m@mipn@skip=\skip165
\sidefootins=\insert195
\sidefootadjust=\skip166
\sidefootheight=\skip167
\sidefoothsep=\skip168
\sidefootvsep=\skip169
\sidefootwidth=\skip170
\m@mdownsf=\skip171
\c@sidefootnote=\count114
\sidefootmarkwidth=\skip172
\sidefootmarksep=\skip173
\sidefootparindent=\skip174
\c@pagenote=\count115
\c@pagenoteshadow=\count116
\mem@pn@lastkern=\skip175
\every@verbatim=\toks19
\afterevery@verbatim=\toks20
\verbatim@line=\toks21
\tab@position=\count117
\verbatim@in@stream=\read1
\verbatimindent=\skip176
\verbatim@out=\write3
\bvboxsep=\skip177
\c@memfbvline=\count118
\c@bvlinectr=\count119
\bvnumlength=\skip178
\fb@frw=\dimen143
\fb@frh=\dimen144
\FrameRule=\dimen145
\FrameSep=\dimen146
\c@cp@cntr=\count120
LaTeX Info: Redefining \: on input line 12052.
LaTeX Info: Redefining \! on input line 12054.
\c@ism@mctr=\count121
\c@xsm@mctr=\count122
\c@csm@mctr=\count123
\c@ksm@mctr=\count124
\c@xksm@mctr=\count125
\c@cksm@mctr=\count126
\c@msm@mctr=\count127
\c@xmsm@mctr=\count128
\c@cmsm@mctr=\count129
\c@bsm@mctr=\count130
\c@workm@mctr=\count131
\c@sheetsequence=\count132
\c@lastsheet=\count133
\c@lastpage=\count134
\c@figure=\count135
\c@lofdepth=\count136
\cftbeforefigureskip=\skip179
\cftfigureindent=\skip180
\cftfigurenumwidth=\skip181
\c@table=\count137
\c@lotdepth=\count138
\cftbeforetableskip=\skip182
\cfttableindent=\skip183
\cfttablenumwidth=\skip184
Package abstract [2008/07/23] emulated by memoir.
Package appendix [2008/07/23] emulated by memoir.
Package array [2008/09/09] emulated by memoir.
Package booktabs [2008/07/23] emulated by memoir.
Package ccaption [2008/07/23] emulated by memoir.
Package changepage [2008/07/23] emulated by memoir.
Package chngcntr [2008/07/23] emulated by memoir.
Package chngpage [2008/07/23] emulated by memoir.
Package crop emulated by memoir.
Package dcolumn [2008/07/23] emulated by memoir.
Package delarray [2008/07/23] emulated by memoir.
Package enumerate [2008/07/23] emulated by memoir.
Package epigraph [2008/07/23] emulated by memoir.
Package ifmtarg [2008/07/23] emulated by memoir.
Package index [2008/07/23] emulated by memoir.
Package makeidx [2008/07/23] emulated by memoir.
Package moreverb [2008/07/23] emulated by memoir.
Package mparhack [2008/07/23] emulated by memoir.
Package needspace [2008/07/23] emulated by memoir.
Package newfile [2008/07/23] emulated by memoir.
Package nextpage [2008/07/23] emulated by memoir.
Package pagenote [2008/07/23] emulated by memoir.
Package parskip [2008/07/23] emulated by memoir.
Package patchcmd [2008/07/23] emulated by memoir.
Package setspace [2008/07/23] emulated by memoir.
Package shortvrb [2008/07/23] emulated by memoir.
Package showidx [2008/07/23] emulated by memoir.
Package tabularx [2008/07/23] emulated by memoir.
Package titleref [2008/07/23] emulated by memoir.
Package titling [2008/07/23] emulated by memoir.
Package tocbibind [2008/07/23] emulated by memoir.
Package tocloft [2008/07/23] emulated by memoir.
Package tocvsec2 [2008/07/23] emulated by memoir.
Package verbatim [2008/07/23] emulated by memoir.
Package verse [2008/07/23] emulated by memoir.

(/usr/share/texlive/texmf-dist/tex/latex/memoir/mempatch.sty
Package: mempatch 2009/07/24 v6.0f Patches for memoir class v1.6180339
))
(/usr/share/texlive/texmf-dist/tex/latex/base/inputenc.sty
Package: inputenc 2015/03/17 v1.2c Input encoding file
\inpenc@prehook=\toks22
\inpenc@posthook=\toks23

(/usr/share/texlive/texmf-dist/tex/latex/base/utf8.def
File: utf8.def 2015/12/03 v1.1r UTF-8 support for inputenc
Now handling font encoding OML ...
... no UTF-8 mapping file for font encoding OML
Now handling font encoding T1 ...
... processing UTF-8 mapping file for font encoding T1

(/usr/share/texlive/texmf-dist/tex/latex/base/t1enc.dfu
File: t1enc.dfu 2015/12/03 v1.1r UTF-8 support for inputenc
   defining Unicode char U+00A0 (decimal 160)
   defining Unicode char U+00A1 (decimal 161)
   defining Unicode char U+00A3 (decimal 163)
   defining Unicode char U+00AB (decimal 171)
   defining Unicode char U+00AD (decimal 173)
   defining Unicode char U+00BB (decimal 187)
   defining Unicode char U+00BF (decimal 191)
   defining Unicode char U+00C0 (decimal 192)
   defining Unicode char U+00C1 (decimal 193)
   defining Unicode char U+00C2 (decimal 194)
   defining Unicode char U+00C3 (decimal 195)
   defining Unicode char U+00C4 (decimal 196)
   defining Unicode char U+00C5 (decimal 197)
   defining Unicode char U+00C6 (decimal 198)
   defining Unicode char U+00C7 (decimal 199)
   defining Unicode char U+00C8 (decimal 200)
   defining Unicode char U+00C9 (decimal 201)
   defining Unicode char U+00CA (decimal 202)
   defining Unicode char U+00CB (decimal 203)
   defining Unicode char U+00CC (decimal 204)
   defining Unicode char U+00CD (decimal 205)
   defining Unicode char U+00CE (decimal 206)
   defining Unicode char U+00CF (decimal 207)
   defining Unicode char U+00D0 (decimal 208)
   defining Unicode char U+00D1 (decimal 209)
   defining Unicode char U+00D2 (decimal 210)
   defining Unicode char U+00D3 (decimal 211)
   defining Unicode char U+00D4 (decimal 212)
   defining Unicode char U+00D5 (decimal 213)
   defining Unicode char U+00D6 (decimal 214)
   defining Unicode char U+00D8 (decimal 216)
   defining Unicode char U+00D9 (decimal 217)
   defining Unicode char U+00DA (decimal 218)
   defining Unicode char U+00DB (decimal 219)
   defining Unicode char U+00DC (decimal 220)
   defining Unicode char U+00DD (decimal 221)
   defining Unicode char U+00DE (decimal 222)
   defining Unicode char U+00DF (decimal 223)
   defining Unicode char U+00E0 (decimal 224)
   defining Unicode char U+00E1 (decimal 225)
   defining Unicode char U+00E2 (decimal 226)
   defining Unicode char U+00E3 (decimal 227)
   defining Unicode char U+00E4 (decimal 228)
   defining Unicode char U+00E5 (decimal 229)
   defining Unicode char U+00E6 (decimal 230)
   defining Unicode char U+00E7 (decimal 231)
   defining Unicode char U+00E8 (decimal 232)
   defining Unicode char U+00E9 (decimal 233)
   defining Unicode char U+00EA (decimal 234)
   defining Unicode char U+00EB (decimal 235)
   defining Unicode char U+00EC (decimal 236)
   defining Unicode char U+00ED (decimal 237)
   defining Unicode char U+00EE (decimal 238)
   defining Unicode char U+00EF (decimal 239)
   defining Unicode char U+00F0 (decimal 240)
   defining Unicode char U+00F1 (decimal 241)
   defining Unicode char U+00F2 (decimal 242)
   defining Unicode char U+00F3 (decimal 243)
   defining Unicode char U+00F4 (decimal 244)
   defining Unicode char U+00F5 (decimal 245)
   defining Unicode char U+00F6 (decimal 246)
   defining Unicode char U+00F8 (decimal 248)
   defining Unicode char U+00F9 (decimal 249)
   defining Unicode char U+00FA (decimal 250)
   defining Unicode char U+00FB (decimal 251)
   defining Unicode char U+00FC (decimal 252)
   defining Unicode char U+00FD (decimal 253)
   defining Unicode char U+00FE (decimal 254)
   defining Unicode char U+00FF (decimal 255)
   defining Unicode char U+0100 (decimal 256)
   defining Unicode char U+0101 (decimal 257)
   defining Unicode char U+0102 (decimal 258)
   defining Unicode char U+0103 (decimal 259)
   defining Unicode char U+0104 (decimal 260)
   defining Unicode char U+0105 (decimal 261)
   defining Unicode char U+0106 (decimal 262)
   defining Unicode char U+0107 (decimal 263)
   defining Unicode char U+0108 (decimal 264)
   defining Unicode char U+0109 (decimal 265)
   defining Unicode char U+010A (decimal 266)
   defining Unicode char U+010B (decimal 267)
   defining Unicode char U+010C (decimal 268)
   defining Unicode char U+010D (decimal 269)
   defining Unicode char U+010E (decimal 270)
   defining Unicode char U+010F (decimal 271)
   defining Unicode char U+0110 (decimal 272)
   defining Unicode char U+0111 (decimal 273)
   defining Unicode char U+0112 (decimal 274)
   defining Unicode char U+0113 (decimal 275)
   defining Unicode char U+0114 (decimal 276)
   defining Unicode char U+0115 (decimal 277)
   defining Unicode char U+0116 (decimal 278)
   defining Unicode char U+0117 (decimal 279)
   defining Unicode char U+0118 (decimal 280)
   defining Unicode char U+0119 (decimal 281)
   defining Unicode char U+011A (decimal 282)
   defining Unicode char U+011B (decimal 283)
   defining Unicode char U+011C (decimal 284)
   defining Unicode char U+011D (decimal 285)
   defining Unicode char U+011E (decimal 286)
   defining Unicode char U+011F (decimal 287)
   defining Unicode char U+0120 (decimal 288)
   defining Unicode char U+0121 (decimal 289)
   defining Unicode char U+0122 (decimal 290)
   defining Unicode char U+0123 (decimal 291)
   defining Unicode char U+0124 (decimal 292)
   defining Unicode char U+0125 (decimal 293)
   defining Unicode char U+0128 (decimal 296)
   defining Unicode char U+0129 (decimal 297)
   defining Unicode char U+012A (decimal 298)
   defining Unicode char U+012B (decimal 299)
   defining Unicode char U+012C (decimal 300)
   defining Unicode char U+012D (decimal 301)
   defining Unicode char U+012E (decimal 302)
   defining Unicode char U+012F (decimal 303)
   defining Unicode char U+0130 (decimal 304)
   defining Unicode char U+0131 (decimal 305)
   defining Unicode char U+0132 (decimal 306)
   defining Unicode char U+0133 (decimal 307)
   defining Unicode char U+0134 (decimal 308)
   defining Unicode char U+0135 (decimal 309)
   defining Unicode char U+0136 (decimal 310)
   defining Unicode char U+0137 (decimal 311)
   defining Unicode char U+0139 (decimal 313)
   defining Unicode char U+013A (decimal 314)
   defining Unicode char U+013B (decimal 315)
   defining Unicode char U+013C (decimal 316)
   defining Unicode char U+013D (decimal 317)
   defining Unicode char U+013E (decimal 318)
   defining Unicode char U+0141 (decimal 321)
   defining Unicode char U+0142 (decimal 322)
   defining Unicode char U+0143 (decimal 323)
   defining Unicode char U+0144 (decimal 324)
   defining Unicode char U+0145 (decimal 325)
   defining Unicode char U+0146 (decimal 326)
   defining Unicode char U+0147 (decimal 327)
   defining Unicode char U+0148 (decimal 328)
   defining Unicode char U+014A (decimal 330)
   defining Unicode char U+014B (decimal 331)
   defining Unicode char U+014C (decimal 332)
   defining Unicode char U+014D (decimal 333)
   defining Unicode char U+014E (decimal 334)
   defining Unicode char U+014F (decimal 335)
   defining Unicode char U+0150 (decimal 336)
   defining Unicode char U+0151 (decimal 337)
   defining Unicode char U+0152 (decimal 338)
   defining Unicode char U+0153 (decimal 339)
   defining Unicode char U+0154 (decimal 340)
   defining Unicode char U+0155 (decimal 341)
   defining Unicode char U+0156 (decimal 342)
   defining Unicode char U+0157 (decimal 343)
   defining Unicode char U+0158 (decimal 344)
   defining Unicode char U+0159 (decimal 345)
   defining Unicode char U+015A (decimal 346)
   defining Unicode char U+015B (decimal 347)
   defining Unicode char U+015C (decimal 348)
   defining Unicode char U+015D (decimal 349)
   defining Unicode char U+015E (decimal 350)
   defining Unicode char U+015F (decimal 351)
   defining Unicode char U+0160 (decimal 352)
   defining Unicode char U+0161 (decimal 353)
   defining Unicode char U+0162 (decimal 354)
   defining Unicode char U+0163 (decimal 355)
   defining Unicode char U+0164 (decimal 356)
   defining Unicode char U+0165 (decimal 357)
   defining Unicode char U+0168 (decimal 360)
   defining Unicode char U+0169 (decimal 361)
   defining Unicode char U+016A (decimal 362)
   defining Unicode char U+016B (decimal 363)
   defining Unicode char U+016C (decimal 364)
   defining Unicode char U+016D (decimal 365)
   defining Unicode char U+016E (decimal 366)
   defining Unicode char U+016F (decimal 367)
   defining Unicode char U+0170 (decimal 368)
   defining Unicode char U+0171 (decimal 369)
   defining Unicode char U+0172 (decimal 370)
   defining Unicode char U+0173 (decimal 371)
   defining Unicode char U+0174 (decimal 372)
   defining Unicode char U+0175 (decimal 373)
   defining Unicode char U+0176 (decimal 374)
   defining Unicode char U+0177 (decimal 375)
   defining Unicode char U+0178 (decimal 376)
   defining Unicode char U+0179 (decimal 377)
   defining Unicode char U+017A (decimal 378)
   defining Unicode char U+017B (decimal 379)
   defining Unicode char U+017C (decimal 380)
   defining Unicode char U+017D (decimal 381)
   defining Unicode char U+017E (decimal 382)
   defining Unicode char U+01CD (decimal 461)
   defining Unicode char U+01CE (decimal 462)
   defining Unicode char U+01CF (decimal 463)
   defining Unicode char U+01D0 (decimal 464)
   defining Unicode char U+01D1 (decimal 465)
   defining Unicode char U+01D2 (decimal 466)
   defining Unicode char U+01D3 (decimal 467)
   defining Unicode char U+01D4 (decimal 468)
   defining Unicode char U+01E2 (decimal 482)
   defining Unicode char U+01E3 (decimal 483)
   defining Unicode char U+01E6 (decimal 486)
   defining Unicode char U+01E7 (decimal 487)
   defining Unicode char U+01E8 (decimal 488)
   defining Unicode char U+01E9 (decimal 489)
   defining Unicode char U+01EA (decimal 490)
   defining Unicode char U+01EB (decimal 491)
   defining Unicode char U+01F0 (decimal 496)
   defining Unicode char U+01F4 (decimal 500)
   defining Unicode char U+01F5 (decimal 501)
   defining Unicode char U+0218 (decimal 536)
   defining Unicode char U+0219 (decimal 537)
   defining Unicode char U+021A (decimal 538)
   defining Unicode char U+021B (decimal 539)
   defining Unicode char U+01E02 (decimal 7682)
   defining Unicode char U+01E03 (decimal 7683)
   defining Unicode char U+200C (decimal 8204)
   defining Unicode char U+2013 (decimal 8211)
   defining Unicode char U+2014 (decimal 8212)
   defining Unicode char U+2018 (decimal 8216)
   defining Unicode char U+2019 (decimal 8217)
   defining Unicode char U+201A (decimal 8218)
   defining Unicode char U+201C (decimal 8220)
   defining Unicode char U+201D (decimal 8221)
   defining Unicode char U+201E (decimal 8222)
   defining Unicode char U+2030 (decimal 8240)
   defining Unicode char U+2031 (decimal 8241)
   defining Unicode char U+2039 (decimal 8249)
   defining Unicode char U+203A (decimal 8250)
   defining Unicode char U+2423 (decimal 9251)
)
Now handling font encoding OT1 ...
... processing UTF-8 mapping file for font encoding OT1

(/usr/share/texlive/texmf-dist/tex/latex/base/ot1enc.dfu
File: ot1enc.dfu 2015/12/03 v1.1r UTF-8 support for inputenc
   defining Unicode char U+00A0 (decimal 160)
   defining Unicode char U+00A1 (decimal 161)
   defining Unicode char U+00A3 (decimal 163)
   defining Unicode char U+00AD (decimal 173)
   defining Unicode char U+00B8 (decimal 184)
   defining Unicode char U+00BF (decimal 191)
   defining Unicode char U+00C5 (decimal 197)
   defining Unicode char U+00C6 (decimal 198)
   defining Unicode char U+00D8 (decimal 216)
   defining Unicode char U+00DF (decimal 223)
   defining Unicode char U+00E6 (decimal 230)
   defining Unicode char U+00EC (decimal 236)
   defining Unicode char U+00ED (decimal 237)
   defining Unicode char U+00EE (decimal 238)
   defining Unicode char U+00EF (decimal 239)
   defining Unicode char U+00F8 (decimal 248)
   defining Unicode char U+0131 (decimal 305)
   defining Unicode char U+0141 (decimal 321)
   defining Unicode char U+0142 (decimal 322)
   defining Unicode char U+0152 (decimal 338)
   defining Unicode char U+0153 (decimal 339)
   defining Unicode char U+0174 (decimal 372)
   defining Unicode char U+0175 (decimal 373)
   defining Unicode char U+0176 (decimal 374)
   defining Unicode char U+0177 (decimal 375)
   defining Unicode char U+0218 (decimal 536)
   defining Unicode char U+0219 (decimal 537)
   defining Unicode char U+021A (decimal 538)
   defining Unicode char U+021B (decimal 539)
   defining Unicode char U+2013 (decimal 8211)
   defining Unicode char U+2014 (decimal 8212)
   defining Unicode char U+2018 (decimal 8216)
   defining Unicode char U+2019 (decimal 8217)
   defining Unicode char U+201C (decimal 8220)
   defining Unicode char U+201D (decimal 8221)
)
Now handling font encoding OMS ...
... processing UTF-8 mapping file for font encoding OMS

(/usr/share/texlive/texmf-dist/tex/latex/base/omsenc.dfu
File: omsenc.dfu 2015/12/03 v1.1r UTF-8 support for inputenc
   defining Unicode char U+00A7 (decimal 167)
   defining Unicode char U+00B6 (decimal 182)
   defining Unicode char U+00B7 (decimal 183)
   defining Unicode char U+2020 (decimal 8224)
   defining Unicode char U+2021 (decimal 8225)
   defining Unicode char U+2022 (decimal 8226)
)
Now handling font encoding OMX ...
... no UTF-8 mapping file for font encoding OMX
Now handling font encoding U ...
... no UTF-8 mapping file for font encoding U
   defining Unicode char U+00A9 (decimal 169)
   defining Unicode char U+00AA (decimal 170)
   defining Unicode char U+00AE (decimal 174)
   defining Unicode char U+00BA (decimal 186)
   defining Unicode char U+02C6 (decimal 710)
   defining Unicode char U+02DC (decimal 732)
   defining Unicode char U+200C (decimal 8204)
   defining Unicode char U+2026 (decimal 8230)
   defining Unicode char U+2122 (decimal 8482)
   defining Unicode char U+2423 (decimal 9251)
))
(/usr/share/texlive/texmf-dist/tex/latex/base/fontenc.sty
Package: fontenc 2005/09/27 v1.99g Standard LaTeX package

(/usr/share/texlive/texmf-dist/tex/latex/base/t1enc.def
File: t1enc.def 2005/09/27 v1.99g Standard LaTeX file
LaTeX Font Info:    Redeclaring font encoding T1 on input line 48.
))
(/usr/share/texlive/texmf-dist/tex/latex/psnfss/mathpazo.sty
Package: mathpazo 2005/04/12 PSNFSS-v9.2a Palatino w/ Pazo Math (D.Puga, WaS) 
\symupright=\mathgroup4
)
(/usr/share/texlive/texmf-dist/tex/generic/babel/babel.sty
Package: babel 2016/02/24 3.9q The Babel package

(/usr/share/texlive/texmf-dist/tex/generic/babel-english/english.ldf
Language: english 2012/08/20 v3.3p English support from the babel system

(/usr/share/texlive/texmf-dist/tex/generic/babel/babel.def
File: babel.def 2016/02/24 3.9q Babel common definitions
\babel@savecnt=\count139
\U@D=\dimen147
)
\l@canadian = a dialect from \language\l@american 
\l@australian = a dialect from \language\l@british 
\l@newzealand = a dialect from \language\l@british 
))
(/usr/share/texlive/texmf-dist/tex/latex/xcolor/xcolor.sty
Package: xcolor 2007/01/21 v2.11 LaTeX color extensions (UK)

(/usr/share/texlive/texmf-dist/tex/latex/latexconfig/color.cfg
File: color.cfg 2007/01/18 v1.5 color configuration of teTeX/TeXLive
)
Package xcolor Info: Driver file: pdftex.def on input line 225.

(/usr/share/texlive/texmf-dist/tex/latex/pdftex-def/pdftex.def
File: pdftex.def 2011/05/27 v0.06d Graphics/color for pdfTeX

(/usr/share/texlive/texmf-dist/tex/generic/oberdiek/infwarerr.sty
Package: infwarerr 2010/04/08 v1.3 Providing info/warning/error messages (HO)
)
(/usr/share/texlive/texmf-dist/tex/generic/oberdiek/ltxcmds.sty
Package: ltxcmds 2011/11/09 v1.22 LaTeX kernel commands for general use (HO)
)
\Gread@gobject=\count140
)
Package xcolor Info: Model `cmy' substituted by `cmy0' on input line 1337.
Package xcolor Info: Model `hsb' substituted by `rgb' on input line 1341.
Package xcolor Info: Model `RGB' extended on input line 1353.
Package xcolor Info: Model `HTML' substituted by `rgb' on input line 1355.
Package xcolor Info: Model `Hsb' substituted by `hsb' on input line 1356.
Package xcolor Info: Model `tHsb' substituted by `hsb' on input line 1357.
Package xcolor Info: Model `HSB' substituted by `hsb' on input line 1358.
Package xcolor Info: Model `Gray' substituted by `gray' on input line 1359.
Package xcolor Info: Model `wave' substituted by `hsb' on input line 1360.
)
(/usr/share/texlive/texmf-dist/tex/latex/eso-pic/eso-pic.sty
Package: eso-pic 2015/07/21 v2.0g eso-pic (RN)

(/usr/share/texlive/texmf-dist/tex/generic/oberdiek/atbegshi.sty
Package: atbegshi 2011/10/05 v1.16 At begin shipout hook (HO)
)
(/usr/share/texlive/texmf-dist/tex/latex/graphics/keyval.sty
Package: keyval 2014/10/28 v1.15 key=value parser (DPC)
\KV@toks@=\toks24
))
(/usr/share/texlive/texmf-dist/tex/latex/graphics/graphicx.sty
Package: graphicx 2014/10/28 v1.0g Enhanced LaTeX Graphics (DPC,SPQR)

(/usr/share/texlive/texmf-dist/tex/latex/graphics/graphics.sty
Package: graphics 2016/01/03 v1.0q Standard LaTeX Graphics (DPC,SPQR)

(/usr/share/texlive/texmf-dist/tex/latex/graphics/trig.sty
Package: trig 2016/01/03 v1.10 sin cos tan (DPC)
)
(/usr/share/texlive/texmf-dist/tex/latex/latexconfig/graphics.cfg
File: graphics.cfg 2010/04/23 v1.9 graphics configuration of TeX Live
)
Package graphics Info: Driver file: pdftex.def on input line 95.
)
\Gin@req@height=\dimen148
\Gin@req@width=\dimen149
)
(/usr/share/texlive/texmf-dist/tex/latex/amsfonts/amssymb.sty
Package: amssymb 2013/01/14 v3.01 AMS font symbols

(/usr/share/texlive/texmf-dist/tex/latex/amsfonts/amsfonts.sty
Package: amsfonts 2013/01/14 v3.01 Basic AMSFonts support
\@emptytoks=\toks25
\symAMSa=\mathgroup5
\symAMSb=\mathgroup6
LaTeX Font Info:    Overwriting math alphabet `\mathfrak' in version `bold'
(Font)                  U/euf/m/n --> U/euf/b/n on input line 106.
))
(/usr/share/texlive/texmf-dist/tex/latex/hyperref/hyperref.sty
Package: hyperref 2012/11/06 v6.83m Hypertext links for LaTeX

(/usr/share/texlive/texmf-dist/tex/generic/oberdiek/hobsub-hyperref.sty
Package: hobsub-hyperref 2012/05/28 v1.13 Bundle oberdiek, subset hyperref (HO)


(/usr/share/texlive/texmf-dist/tex/generic/oberdiek/hobsub-generic.sty
Package: hobsub-generic 2012/05/28 v1.13 Bundle oberdiek, subset generic (HO)
Package: hobsub 2012/05/28 v1.13 Construct package bundles (HO)
Package hobsub Info: Skipping package `infwarerr' (already loaded).
Package hobsub Info: Skipping package `ltxcmds' (already loaded).
Package hobsub Info: Skipping package `ifluatex' (already loaded).
Package: ifvtex 2010/03/01 v1.5 Detect VTeX and its facilities (HO)
Package ifvtex Info: VTeX not detected.
Package: intcalc 2007/09/27 v1.1 Expandable calculations with integers (HO)
Package hobsub Info: Skipping package `ifpdf' (already loaded).
Package: etexcmds 2011/02/16 v1.5 Avoid name clashes with e-TeX commands (HO)
Package etexcmds Info: Could not find \expanded.
(etexcmds)             That can mean that you are not using pdfTeX 1.50 or
(etexcmds)             that some package has redefined \expanded.
(etexcmds)             In the latter case, load this package earlier.
Package: kvsetkeys 2012/04/25 v1.16 Key value parser (HO)
Package: kvdefinekeys 2011/04/07 v1.3 Define keys (HO)
Package: pdftexcmds 2011/11/29 v0.20 Utility functions of pdfTeX for LuaTeX (HO
)
Package pdftexcmds Info: LuaTeX not detected.
Package pdftexcmds Info: \pdf@primitive is available.
Package pdftexcmds Info: \pdf@ifprimitive is available.
Package pdftexcmds Info: \pdfdraftmode found.
Package: pdfescape 2011/11/25 v1.13 Implements pdfTeX's escape features (HO)
Package: bigintcalc 2012/04/08 v1.3 Expandable calculations on big integers (HO
)
Package: bitset 2011/01/30 v1.1 Handle bit-vector datatype (HO)
Package: uniquecounter 2011/01/30 v1.2 Provide unlimited unique counter (HO)
)
Package hobsub Info: Skipping package `hobsub' (already loaded).
Package: letltxmacro 2010/09/02 v1.4 Let assignment for LaTeX macros (HO)
Package: hopatch 2012/05/28 v1.2 Wrapper for package hooks (HO)
Package: xcolor-patch 2011/01/30 xcolor patch
Package: atveryend 2011/06/30 v1.8 Hooks at the very end of document (HO)
Package atveryend Info: \enddocument detected (standard20110627).
Package hobsub Info: Skipping package `atbegshi' (already loaded).
Package: refcount 2011/10/16 v3.4 Data extraction from label references (HO)
Package: hycolor 2011/01/30 v1.7 Color options for hyperref/bookmark (HO)
)
(/usr/share/texlive/texmf-dist/tex/latex/oberdiek/auxhook.sty
Package: auxhook 2011/03/04 v1.3 Hooks for auxiliary files (HO)
)
(/usr/share/texlive/texmf-dist/tex/latex/oberdiek/kvoptions.sty
Package: kvoptions 2011/06/30 v3.11 Key value format for package options (HO)
)
\@linkdim=\dimen150
\Hy@linkcounter=\count141
\Hy@pagecounter=\count142

(/usr/share/texlive/texmf-dist/tex/latex/hyperref/pd1enc.def
File: pd1enc.def 2012/11/06 v6.83m Hyperref: PDFDocEncoding definition (HO)
Now handling font encoding PD1 ...
... no UTF-8 mapping file for font encoding PD1
)
\Hy@SavedSpaceFactor=\count143

(/usr/share/texlive/texmf-dist/tex/latex/latexconfig/hyperref.cfg
File: hyperref.cfg 2002/06/06 v1.2 hyperref configuration of TeXLive
)
Package hyperref Info: Option `pdfusetitle' set `true' on input line 4319.
Package hyperref Info: Hyper figures OFF on input line 4443.
Package hyperref Info: Link nesting OFF on input line 4448.
Package hyperref Info: Hyper index ON on input line 4451.
Package hyperref Info: Plain pages OFF on input line 4458.
Package hyperref Info: Backreferencing OFF on input line 4463.
Package hyperref Info: Implicit mode ON; LaTeX internals redefined.
Package hyperref Info: Bookmarks ON on input line 4688.
\c@Hy@tempcnt=\count144

(/usr/share/texlive/texmf-dist/tex/latex/url/url.sty
\Urlmuskip=\muskip10
Package: url 2013/09/16  ver 3.4  Verb mode for urls, etc.
)
LaTeX Info: Redefining \url on input line 5041.
\XeTeXLinkMargin=\dimen151
\Fld@menulength=\count145
\Field@Width=\dimen152
\Fld@charsize=\dimen153
Package hyperref Info: Hyper figures OFF on input line 6295.
Package hyperref Info: Link nesting OFF on input line 6300.
Package hyperref Info: Hyper index ON on input line 6303.
Package hyperref Info: backreferencing OFF on input line 6310.
Package hyperref Info: Link coloring OFF on input line 6315.
Package hyperref Info: Link coloring with OCG OFF on input line 6320.
Package hyperref Info: PDF/A mode OFF on input line 6325.
LaTeX Info: Redefining \ref on input line 6365.
LaTeX Info: Redefining \pageref on input line 6369.
\Hy@abspage=\count146
\c@Item=\count147
\c@Hfootnote=\count148
)
(/usr/share/texlive/texmf-dist/tex/latex/memoir/memhfixc.sty
Package: memhfixc 2013/05/30 v1.17 nameref/hyperref package fixes for memoir cl
ass
\c@memhycontfloat=\count149
\c@Hpagenote=\count150
)

Package hyperref Message: Driver (autodetected): hpdftex.

(/usr/share/texlive/texmf-dist/tex/latex/hyperref/hpdftex.def
File: hpdftex.def 2012/11/06 v6.83m Hyperref driver for pdfTeX
\Fld@listcount=\count151
\c@bookmark@seq@number=\count152

(/usr/share/texlive/texmf-dist/tex/latex/oberdiek/rerunfilecheck.sty
Package: rerunfilecheck 2011/04/15 v1.7 Rerun checks for auxiliary files (HO)
Package uniquecounter Info: New unique counter `rerunfilecheck' on input line 2
82.
)
\Hy@SectionHShift=\skip185
)
(/usr/share/texlive/texmf-dist/tex/latex/natbib/natbib.sty
Package: natbib 2010/09/13 8.31b (PWD, AO)
\bibhang=\skip186
\bibsep=\skip187
LaTeX Info: Redefining \cite on input line 694.
\c@NAT@ctr=\count153
)
(/usr/share/texlive/texmf-dist/tex/latex/lato/lato.sty
Package: lato 2011/08/06 Lato

(/usr/share/texlive/texmf-dist/tex/latex/slantsc/slantsc.sty
Package: slantsc 2012/01/01 v2.11 Provide Slanted an Italic Small Caps

(/usr/share/texlive/texmf-dist/tex/latex/base/ifthen.sty
Package: ifthen 2014/09/29 v1.1c Standard LaTeX ifthen package (DPC)
)
LaTeX Info: Redefining \upshape on input line 35.
LaTeX Info: Redefining \slshape on input line 45.
LaTeX Info: Redefining \itshape on input line 55.
LaTeX Info: Redefining \scshape on input line 65.
))
(/usr/share/texlive/texmf-dist/tex/latex/acronym/acronym.sty
Package: acronym 2015/03/21 v1.41 Support for acronyms (Tobias Oetiker)

(/usr/share/texlive/texmf-dist/tex/latex/bigfoot/suffix.sty
Package: suffix 2006/07/15 1.5a Variant command support
)
(/usr/share/texlive/texmf-dist/tex/generic/xstring/xstring.sty
(/usr/share/texlive/texmf-dist/tex/generic/xstring/xstring.tex
\@xs@message=\write4
\integerpart=\count154
\decimalpart=\count155
)
Package: xstring 2013/10/13  v1.7c  String manipulations (C Tellechea)
)
\AC@clearlist=\toks26
)

******************************************************
Stock height and width: 845.04684pt by 597.50787pt
Top and edge trims: 0pt and 0pt
Page height and width: 845.04684pt by 597.50787pt
Text height and width: 604.88354pt by 421pt
Spine and edge margins: 105.2751pt and 71.13188pt
Upper and lower margins: 126.74379pt and 113.41951pt
Headheight and headsep: 13.6pt and 42.67912pt
Footskip: 27.46295pt
Columnsep and columnseprule: 10pt and 0pt
Marginparsep and marginparwidth: 7pt and 57.13188pt
Sidecapsep and sidecapwidth: 7pt and 49pt
Sidebarhsep and sidebarwidth: 7pt and 49pt
Sidebarvsep and sidebartopsep: 13.6pt and 0pt
Sidebarheight: 594.32022pt
Sidefoothsep and sidefootwidth: 7pt and 49pt
Sidefootvsep and sidefootheight: 13.6pt and 594.32022pt
******************************************************

LaTeX Font Info:    Try loading font information for T1+ppl on input line 74.
(/usr/share/texlive/texmf-dist/tex/latex/psnfss/t1ppl.fd
File: t1ppl.fd 2001/06/04 font definitions for T1/ppl.
)
LaTeX Font Info:    Try loading font information for T1+fla on input line 74.

(/usr/share/texlive/texmf-dist/tex/latex/lato/t1fla.fd
File: t1fla.fd 2011/12/25 Fontinst v1.933 font definitions for T1/fla.
)
\c@subfigure=\count156
\cftbeforesubfigureskip=\skip188
\cftsubfigureindent=\skip189
\cftsubfigurenumwidth=\skip190
Package hyperref Info: Option `colorlinks' set `false' on input line 96.
) (./ieeetrantools.sty

LaTeX Warning: You have requested package `ieeetrantools',
               but the package provides `IEEEtrantools'.

Package: IEEEtrantools 2015/08/26 V1.5 by Michael Shell
-- See the "IEEEtrantools_doc.txt" manual for usage information.
-- http://www.michaelshell.org/tex/ieeetran/tools/
\@IEEEtrantmpdimenA=\dimen154
\@IEEEtrantmpdimenB=\dimen155
\@IEEEtrantmpdimenC=\dimen156
\@IEEEtrantmpcountA=\count157
\@IEEEtrantmpcountB=\count158
\@IEEEtrantmpcountC=\count159
\@IEEEtrantmptoksA=\toks27
\IEEEnormaljot=\dimen157
\IEEEquantizedlength=\dimen158
\IEEEquantizedlengthdiff=\dimen159
\IEEEquantizedtextheightdiff=\dimen160
\IEEEilabelindentA=\dimen161
\IEEEilabelindentB=\dimen162
\IEEEilabelindent=\dimen163
\IEEEelabelindent=\dimen164
\IEEEdlabelindent=\dimen165
\IEEElabelindent=\dimen166
\IEEEiednormlabelsep=\dimen167
\IEEEiedmathlabelsep=\dimen168
\IEEEiedtopsep=\skip191
\c@IEEEsubequation=\count160
\@IEEEeqnnumcols=\count161
\@IEEEeqncolcnt=\count162
\@IEEEsubeqnnumrollback=\count163
\IEEEPARstartletwidth=\dimen169
) (/usr/share/texlive/texmf-dist/tex/latex/float/float.sty
Package: float 2001/11/08 v1.3d Float enhancements (AL)
\c@float@type=\count164
\float@exts=\toks28
\float@box=\box29
\@float@everytoks=\toks29
\@floatcapt=\box30
)
(/usr/share/texlive/texmf-dist/tex/latex/listings/listings.sty
\lst@mode=\count165
\lst@gtempboxa=\box31
\lst@token=\toks30
\lst@length=\count166
\lst@currlwidth=\dimen170
\lst@column=\count167
\lst@pos=\count168
\lst@lostspace=\dimen171
\lst@width=\dimen172
\lst@newlines=\count169
\lst@lineno=\count170
\lst@maxwidth=\dimen173

(/usr/share/texlive/texmf-dist/tex/latex/listings/lstmisc.sty
File: lstmisc.sty 2015/06/04 1.6 (Carsten Heinz)
\c@lstnumber=\count171
\lst@skipnumbers=\count172
\lst@framebox=\box32
)
(/usr/share/texlive/texmf-dist/tex/latex/listings/listings.cfg
File: listings.cfg 2015/06/04 1.6 listings configuration
))
Package: listings 2015/06/04 1.6 (Carsten Heinz)
\main@idxfile=\write5
\openout5 = `main.idx'.


Writing index file main.idx 
(./main.aux)
\openout1 = `main.aux'.

LaTeX Font Info:    Checking defaults for OML/cmm/m/it on input line 38.
LaTeX Font Info:    ... okay on input line 38.
LaTeX Font Info:    Checking defaults for T1/cmr/m/n on input line 38.
LaTeX Font Info:    ... okay on input line 38.
LaTeX Font Info:    Checking defaults for OT1/cmr/m/n on input line 38.
LaTeX Font Info:    ... okay on input line 38.
LaTeX Font Info:    Checking defaults for OMS/cmsy/m/n on input line 38.
LaTeX Font Info:    ... okay on input line 38.
LaTeX Font Info:    Checking defaults for OMX/cmex/m/n on input line 38.
LaTeX Font Info:    ... okay on input line 38.
LaTeX Font Info:    Checking defaults for U/cmr/m/n on input line 38.
LaTeX Font Info:    ... okay on input line 38.
LaTeX Font Info:    Checking defaults for PD1/pdf/m/n on input line 38.
LaTeX Font Info:    ... okay on input line 38.
Package nag Info: Command \RaggedLeft not defined, skipping amendment on input 
line 38.
Package nag Info: Command \RaggedRight not defined, skipping amendment on input
 line 38.
\big@size=\dimen174
 (/usr/share/texlive/texmf-dist/tex/context/base/supp-pdf.mkii
[Loading MPS to PDF converter (version 2006.09.02).]
\scratchcounter=\count173
\scratchdimen=\dimen175
\scratchbox=\box33
\nofMPsegments=\count174
\nofMParguments=\count175
\everyMPshowfont=\toks31
\MPscratchCnt=\count176
\MPscratchDim=\dimen176
\MPnumerator=\count177
\makeMPintoPDFobject=\count178
\everyMPtoPDFconversion=\toks32
)
\AtBeginShipoutBox=\box34
 (/usr/share/texlive/texmf-dist/tex/latex/oberdiek/epstopdf-base.sty
Package: epstopdf-base 2010/02/09 v2.5 Base part for package epstopdf

(/usr/share/texlive/texmf-dist/tex/latex/oberdiek/grfext.sty
Package: grfext 2010/08/19 v1.1 Manage graphics extensions (HO)
)
Package grfext Info: Graphics extension search list:
(grfext)             [.pdf,.jpeg,.png,.jpg,.eps]
(grfext)             \AppendGraphicsExtensions on input line 452.

(/usr/share/texlive/texmf-dist/tex/latex/latexconfig/epstopdf-sys.cfg
File: epstopdf-sys.cfg 2010/07/13 v1.3 Configuration of (r)epstopdf for TeX Liv
e
))
Package hyperref Info: Link coloring OFF on input line 38.

(/usr/share/texlive/texmf-dist/tex/latex/hyperref/nameref.sty
Package: nameref 2012/10/27 v2.43 Cross-referencing by name of section

(/usr/share/texlive/texmf-dist/tex/generic/oberdiek/gettitlestring.sty
Package: gettitlestring 2010/12/03 v1.4 Cleanup title references (HO)
)
\c@section@level=\count179
)
Redoing nameref's sectioning
Redoing nameref's label
LaTeX Info: Redefining \nameref on input line 38.
LaTeX Info: Redefining \ref on input line 38.
LaTeX Info: Redefining \pageref on input line 38.
LaTeX Info: Redefining \nameref on input line 38.
(./main.out) (./main.out)
\@outlinefile=\write6
\openout6 = `main.out'.

\c@lstlisting=\count180
Package nag Info: Command \caption@xlabel not defined, skipping amendment on in
put line 38.
Package nag Info: Command \captionabove not defined, skipping amendment on inpu
t line 38.
Package nag Info: Command \captionbelow not defined, skipping amendment on inpu
t line 38.
Package nag Info: Command \hc@caption not defined, skipping amendment on input 
line 38.
Package nag Info: Command \topcaption not defined, skipping amendment on input 
line 38.

<./images/umlogo_red.png, id=144, 597.432pt x 597.432pt>
File: ./images/umlogo_red.png Graphic file (type png)

<use ./images/umlogo_red.png>
Package pdftex.def Info: ./images/umlogo_red.png used on input line 42.
(pdftex.def)             Requested size: 91.04881pt x 91.04214pt.

Overfull \hbox (6.8501pt too wide) in paragraph at lines 42--42
 [][]
 []

LaTeX Font Info:    Try loading font information for T1+pag on input line 42.
(/usr/share/texlive/texmf-dist/tex/latex/psnfss/t1pag.fd
File: t1pag.fd 2001/06/04 font definitions for T1/pag.
)
LaTeX Font Info:    Font shape `T1/pag/bx/n' in size <24.88> not available
(Font)              Font shape `T1/pag/b/n' tried instead on input line 42.
LaTeX Font Info:    Font shape `T1/pag/b/n' in size <24.88> not available
(Font)              Font shape `T1/pag/db/n' tried instead on input line 42.
LaTeX Font Info:    Font shape `T1/ppl/bx/n' in size <24.88> not available
(Font)              Font shape `T1/ppl/b/n' tried instead on input line 42.
LaTeX Font Info:    Font shape `T1/pag/m/it' in size <12> not available
(Font)              Font shape `T1/pag/m/sl' tried instead on input line 42.

Underfull \hbox (badness 10000) in paragraph at lines 42--42

 []

LaTeX Font Info:    Font shape `T1/pag/bx/n' in size <17.28> not available
(Font)              Font shape `T1/pag/b/n' tried instead on input line 42.
LaTeX Font Info:    Font shape `T1/pag/b/n' in size <17.28> not available
(Font)              Font shape `T1/pag/db/n' tried instead on input line 42.
LaTeX Font Info:    Font shape `T1/pag/bx/sc' in size <17.28> not available
(Font)              Font shape `T1/pag/b/sc' tried instead on input line 42.
LaTeX Font Info:    Font shape `T1/pag/b/sc' in size <17.28> not available
(Font)              Font shape `T1/pag/db/sc' tried instead on input line 42.

Underfull \hbox (badness 10000) in paragraph at lines 42--42

 []

LaTeX Font Info:    Font shape `T1/pag/bx/n' in size <10.95> not available
(Font)              Font shape `T1/pag/b/n' tried instead on input line 42.
LaTeX Font Info:    Font shape `T1/pag/b/n' in size <10.95> not available
(Font)              Font shape `T1/pag/db/n' tried instead on input line 42.
LaTeX Font Info:    Font shape `T1/pag/m/it' in size <10> not available
(Font)              Font shape `T1/pag/m/sl' tried instead on input line 42.

Overfull \hbox (5.76138pt too wide) in paragraph at lines 42--42
[][] |  [][][] |  []
 []


Underfull \hbox (badness 10000) in paragraph at lines 42--42

 []

<./images/umlogo_gray.png, id=146, 597.432pt x 597.432pt>
File: ./images/umlogo_gray.png Graphic file (type png)

<use ./images/umlogo_gray.png>
Package pdftex.def Info: ./images/umlogo_gray.png used on input line 42.
(pdftex.def)             Requested size: 418.25368pt x 418.26337pt.
 [1


{/var/lib/texmf/fonts/map/pdftex/updmap/pdftex.map} <./images/umlogo_gray.png> 
<./images/umlogo_red.png>]
(./frontmatter/originality.tex
LaTeX Font Info:    Font shape `T1/ppl/bx/n' in size <12> not available
(Font)              Font shape `T1/ppl/b/n' tried instead on input line 1.
LaTeX Font Info:    Try loading font information for OT1+ppl on input line 1.

(/usr/share/texlive/texmf-dist/tex/latex/psnfss/ot1ppl.fd
File: ot1ppl.fd 2001/06/04 font definitions for OT1/ppl.
)
LaTeX Font Info:    Try loading font information for OML+zplm on input line 1.

(/usr/share/texlive/texmf-dist/tex/latex/psnfss/omlzplm.fd
File: omlzplm.fd 2002/09/08 Fontinst v1.914 font definitions for OML/zplm.
)
LaTeX Font Info:    Try loading font information for OMS+zplm on input line 1.

(/usr/share/texlive/texmf-dist/tex/latex/psnfss/omszplm.fd
File: omszplm.fd 2002/09/08 Fontinst v1.914 font definitions for OMS/zplm.
)
LaTeX Font Info:    Try loading font information for OMX+zplm on input line 1.

(/usr/share/texlive/texmf-dist/tex/latex/psnfss/omxzplm.fd
File: omxzplm.fd 2002/09/08 Fontinst v1.914 font definitions for OMX/zplm.
)
LaTeX Font Info:    Try loading font information for OT1+zplm on input line 1.

(/usr/share/texlive/texmf-dist/tex/latex/psnfss/ot1zplm.fd
File: ot1zplm.fd 2002/09/08 Fontinst v1.914 font definitions for OT1/zplm.
)
LaTeX Font Info:    Font shape `U/msa/m/n' will be
(Font)              scaled to size 11.40997pt on input line 1.
LaTeX Font Info:    Font shape `U/msa/m/n' will be
(Font)              scaled to size 8.33606pt on input line 1.
LaTeX Font Info:    Font shape `U/msa/m/n' will be
(Font)              scaled to size 6.25204pt on input line 1.
LaTeX Font Info:    Font shape `U/msb/m/n' will be
(Font)              scaled to size 11.40997pt on input line 1.
LaTeX Font Info:    Font shape `U/msb/m/n' will be
(Font)              scaled to size 8.33606pt on input line 1.
LaTeX Font Info:    Font shape `U/msb/m/n' will be
(Font)              scaled to size 6.25204pt on input line 1.
LaTeX Font Info:    Font shape `T1/ppl/bx/n' in size <10.95> not available
(Font)              Font shape `T1/ppl/b/n' tried instead on input line 1.
 [2


])
(./frontmatter/dedication.tex) (./frontmatter/acknowledgements.tex
LaTeX Font Info:    Font shape `T1/ppl/bx/n' in size <10> not available
(Font)              Font shape `T1/ppl/b/n' tried instead on input line 1.
 [3

])
(./frontmatter/abstract.tex) [4

] (./main.toc [5

]) [6] (./main.lof [7

]) [8]
(./main.lot) [9

] (./frontmatter/abbreviations.tex [10


]) [11]
(./Chapter1/introduction.tex
Package acronym Info: Label `acro:LHC' newly defined as it shall be overridden
although it is yet undefined on input line 5.
Package acronym Info: Label `acro:CERN' newly defined as it shall be overridden

although it is yet undefined on input line 5.
Package acronym Info: Label `acro:TeV' newly defined as it shall be overridden
although it is yet undefined on input line 7.
Package acronym Info: Label `acro:SPS' newly defined as it shall be overridden
although it is yet undefined on input line 7.
Package acronym Info: Label `acro:MJ' newly defined as it shall be overridden
although it is yet undefined on input line 7.
Package acronym Info: Label `acro:LS' newly defined as it shall be overridden
although it is yet undefined on input line 12.
 [1



]
<./images/CERNComplex.jpg, id=451, 618.31pt x 605.26125pt>
File: ./images/CERNComplex.jpg Graphic file (type jpg)

<use ./images/CERNComplex.jpg>
Package pdftex.def Info: ./images/CERNComplex.jpg used on input line 16.
(pdftex.def)             Requested size: 252.60257pt x 247.2721pt.
Package acronym Info: Label `acro:IQC' newly defined as it shall be overridden
although it is yet undefined on input line 22.
Package acronym Info: Label `acro:MSE' newly defined as it shall be overridden
although it is yet undefined on input line 24.
 [2pdfTeX warning (ext4): destination with the same identifier (name{figure.1.1
}) has been already used, duplicate ignored

\AtBegShi@Output ...ipout \box \AtBeginShipoutBox 
                                                  \fi \fi 
l.25 
      <./images/CERNComplex.jpg>]
<./images/AnomalousInjections.png, id=474, 576.1525pt x 344.28625pt>
File: ./images/AnomalousInjections.png Graphic file (type png)

<use ./images/AnomalousInjections.png>
Package pdftex.def Info: ./images/AnomalousInjections.png used on input line 28
.
(pdftex.def)             Requested size: 252.60257pt x 150.94531pt.
) (./Chapter2/background.tex [3pdfTeX warning (ext4): destination with the same
 identifier (name{figure.1.2}) has been already used, duplicate ignored

\AtBegShi@Output ...ipout \box \AtBeginShipoutBox 
                                                  \fi \fi 
l.1 \chapter
            {Background and Literature Review} <./images/AnomalousInjections.pn
g>]
LaTeX Font Info:    Font shape `T1/ppl/bx/n' in size <14.4> not available
(Font)              Font shape `T1/ppl/b/n' tried instead on input line 4.
Package acronym Info: Label `acro:BLM' newly defined as it shall be overridden
although it is yet undefined on input line 10.
Package acronym Info: Label `acro:TDI' newly defined as it shall be overridden
although it is yet undefined on input line 12.
Package acronym Info: Label `acro:TL' newly defined as it shall be overridden
although it is yet undefined on input line 12.
Package acronym Info: Label `acro:Gy/s' newly defined as it shall be overridden

although it is yet undefined on input line 12.
Package acronym Info: Label `acro:BPM' newly defined as it shall be overridden
although it is yet undefined on input line 15.
 [4

]
Package acronym Info: Label `acro:MKD' newly defined as it shall be overridden
although it is yet undefined on input line 18.
Package acronym Info: Label `acro:RF' newly defined as it shall be overridden
although it is yet undefined on input line 18.
Package acronym Info: Label `acro:AGM' newly defined as it shall be overridden
although it is yet undefined on input line 18.
Package acronym Info: Label `acro:BCT' newly defined as it shall be overridden
although it is yet undefined on input line 21.
Package acronym Info: Label `acro:PCA' newly defined as it shall be overridden
although it is yet undefined on input line 31.
 [5] [6]
Package acronym Info: Label `acro:DBSCAN' newly defined as it shall be overridd
en
although it is yet undefined on input line 48.
Package acronym Info: Label `acro:LOF' newly defined as it shall be overridden
although it is yet undefined on input line 48.
 [7]
Package acronym Info: Label `acro:GMM' newly defined as it shall be overridden
although it is yet undefined on input line 65.
) (./Chapter3/methodology.tex [8]
Package acronym Info: Label `acro:TIMBER' newly defined as it shall be overridd
en
although it is yet undefined on input line 4.
 [9

]
<./images/Histogram_of_Sum_of_Beam_Losses.png, id=664, 433.62pt x 289.08pt>
File: ./images/Histogram_of_Sum_of_Beam_Losses.png Graphic file (type png)

<use ./images/Histogram_of_Sum_of_Beam_Losses.png>
Package pdftex.def Info: ./images/Histogram_of_Sum_of_Beam_Losses.png used on i
nput line 18.
(pdftex.def)             Requested size: 199.97757pt x 133.31805pt.

<./images/Raw_Beam_Loss.png, id=665, 433.62pt x 289.08pt>
File: ./images/Raw_Beam_Loss.png Graphic file (type png)

<use ./images/Raw_Beam_Loss.png>
Package pdftex.def Info: ./images/Raw_Beam_Loss.png used on input line 25.
(pdftex.def)             Requested size: 199.97757pt x 133.31805pt.

<./images/BLM_3D_Plot.png, id=666, 454.69875pt x 310.15875pt>
File: ./images/BLM_3D_Plot.png Graphic file (type png)

<use ./images/BLM_3D_Plot.png>
Package pdftex.def Info: ./images/BLM_3D_Plot.png used on input line 33.
(pdftex.def)             Requested size: 252.60257pt x 172.30579pt.
 [10pdfTeX warning (ext4): destination with the same identifier (name{figure.3.
1}) has been already used, duplicate ignored

\AtBegShi@Output ...ipout \box \AtBeginShipoutBox 
                                                  \fi \fi 
l.39 
     pdfTeX warning (ext4): destination with the same identifier (name{figure.3
.2}) has been already used, duplicate ignored

\AtBegShi@Output ...ipout \box \AtBeginShipoutBox 
                                                  \fi \fi 
l.39 
     pdfTeX warning (ext4): destination with the same identifier (name{figure.3
.3}) has been already used, duplicate ignored

\AtBegShi@Output ...ipout \box \AtBeginShipoutBox 
                                                  \fi \fi 
l.39 
      <./images/Histogram_of_Sum_of_Beam_Losses.png> <./images/Raw_Beam_Loss.pn
g> <./images/BLM_3D_Plot.png>]
<./images/Histogram_of_Abort_Gap_Population.png, id=678, 433.62pt x 289.08pt>
File: ./images/Histogram_of_Abort_Gap_Population.png Graphic file (type png)

<use ./images/Histogram_of_Abort_Gap_Population.png>
Package pdftex.def Info: ./images/Histogram_of_Abort_Gap_Population.png used on
 input line 46.
(pdftex.def)             Requested size: 199.97757pt x 133.31805pt.

<./images/Histogram_of_Change_in_Abort_Gap_Population.png, id=679, 433.62pt x 2
89.08pt>
File: ./images/Histogram_of_Change_in_Abort_Gap_Population.png Graphic file (ty
pe png)
 <use ./images/Histogram_of_Change_in_Abort_Gap_Population.png>
Package pdftex.def Info: ./images/Histogram_of_Change_in_Abort_Gap_Population.p
ng used on input line 53.
(pdftex.def)             Requested size: 199.97757pt x 133.31805pt.

<./images/Time_Series_of_Abort_Gap_Population.png, id=680, 433.62pt x 289.08pt>
File: ./images/Time_Series_of_Abort_Gap_Population.png Graphic file (type png)
<use ./images/Time_Series_of_Abort_Gap_Population.png>
Package pdftex.def Info: ./images/Time_Series_of_Abort_Gap_Population.png used 
on input line 61.
(pdftex.def)             Requested size: 252.60257pt x 168.40314pt.
 [11pdfTeX warning (ext4): destination with the same identifier (name{figure.3.
4}) has been already used, duplicate ignored

\AtBegShi@Output ...ipout \box \AtBeginShipoutBox 
                                                  \fi \fi 
l.71 
     pdfTeX warning (ext4): destination with the same identifier (name{figure.3
.5}) has been already used, duplicate ignored

\AtBegShi@Output ...ipout \box \AtBeginShipoutBox 
                                                  \fi \fi 
l.71 
      <./images/Histogram_of_Abort_Gap_Population.png> <./images/Histogram_of_C
hange_in_Abort_Gap_Population.png>]
<./images/Histogram_of_Change_in_LHC_Intensity.png, id=710, 433.62pt x 289.08pt
>
File: ./images/Histogram_of_Change_in_LHC_Intensity.png Graphic file (type png)

 <use ./images/Histogram_of_Change_in_LHC_Intensity.png>
Package pdftex.def Info: ./images/Histogram_of_Change_in_LHC_Intensity.png used
 on input line 75.
(pdftex.def)             Requested size: 199.97757pt x 133.31805pt.

<./images/Histogram_of_SPS_Intensity.png, id=711, 433.62pt x 289.08pt>
File: ./images/Histogram_of_SPS_Intensity.png Graphic file (type png)

<use ./images/Histogram_of_SPS_Intensity.png>
Package pdftex.def Info: ./images/Histogram_of_SPS_Intensity.png used on input 
line 82.
(pdftex.def)             Requested size: 199.97757pt x 133.31805pt.

<./images/SPS_and_LHC_Intensities.png, id=712, 433.62pt x 289.08pt>
File: ./images/SPS_and_LHC_Intensities.png Graphic file (type png)

<use ./images/SPS_and_LHC_Intensities.png>
Package pdftex.def Info: ./images/SPS_and_LHC_Intensities.png used on input lin
e 90.
(pdftex.def)             Requested size: 252.60257pt x 168.40314pt.

<./images/Histogram_of_BPM.png, id=730, 433.62pt x 289.08pt>
File: ./images/Histogram_of_BPM.png Graphic file (type png)

<use ./images/Histogram_of_BPM.png>
Package pdftex.def Info: ./images/Histogram_of_BPM.png used on input line 106.
(pdftex.def)             Requested size: 252.60257pt x 168.40314pt.
 [12pdfTeX warning (ext4): destination with the same identifier (name{figure.3.
6}) has been already used, duplicate ignored

\AtBegShi@Output ...ipout \box \AtBeginShipoutBox 
                                                  \fi \fi 
l.112 
       <./images/Time_Series_of_Abort_Gap_Population.png>] [13pdfTeX warning (e
xt4): destination with the same identifier (name{figure.3.7}) has been already 
used, duplicate ignored

\AtBegShi@Output ...ipout \box \AtBeginShipoutBox 
                                                  \fi \fi 
l.116 \paragraph
                { }After the first single bunch is injected, the number of b...
pdfTeX warning (ext4): destination with the same identifier (name{figure.3.8}) 
has been already used, duplicate ignored

\AtBegShi@Output ...ipout \box \AtBeginShipoutBox 
                                                  \fi \fi 
l.116 \paragraph
                { }After the first single bunch is injected, the number of b...
pdfTeX warning (ext4): destination with the same identifier (name{figure.3.9}) 
has been already used, duplicate ignored

\AtBegShi@Output ...ipout \box \AtBeginShipoutBox 
                                                  \fi \fi 
l.116 \paragraph
                { }After the first single bunch is injected, the number of b...
 <./images/Histogram_of_Change_in_LHC_Intensity.png> <./images/Histogram_of_SPS
_Intensity.png> <./images/SPS_and_LHC_Intensities.png>]
<./images/Number_of_Bunches.png, id=752, 433.62pt x 289.08pt>
File: ./images/Number_of_Bunches.png Graphic file (type png)

<use ./images/Number_of_Bunches.png>
Package pdftex.def Info: ./images/Number_of_Bunches.png used on input line 120.

(pdftex.def)             Requested size: 252.60257pt x 168.40314pt.
 [14pdfTeX warning (ext4): destination with the same identifier (name{figure.3.
10}) has been already used, duplicate ignored

\AtBegShi@Output ...ipout \box \AtBeginShipoutBox 
                                                  \fi \fi 
l.136 	\begin{minipage}[t]{0.475\linewidth}
                                            <./images/Histogram_of_BPM.png>]
[15pdfTeX warning (ext4): destination with the same identifier (name{figure.3.1
1}) has been already used, duplicate ignored

\AtBegShi@Output ...ipout \box \AtBeginShipoutBox 
                                                  \fi \fi 
l.168 
       <./images/Number_of_Bunches.png>]
<./images/Scaling.png, id=828, 454.69875pt x 310.15875pt>
File: ./images/Scaling.png Graphic file (type png)

<use ./images/Scaling.png>
Package pdftex.def Info: ./images/Scaling.png used on input line 176.
(pdftex.def)             Requested size: 336.80128pt x 229.74104pt.
 [16pdfTeX warning (ext4): destination with the same identifier (name{figure.3.
12}) has been already used, duplicate ignored

\AtBegShi@Output ...ipout \box \AtBeginShipoutBox 
                                                  \fi \fi 
l.184 
       <./images/Scaling.png>]) (./Chapter4/results.tex [17]
<./images/BPM_MSE_Trend_B1.png, id=861, 433.62pt x 289.08pt>
File: ./images/BPM_MSE_Trend_B1.png Graphic file (type png)

<use ./images/BPM_MSE_Trend_B1.png>
Package pdftex.def Info: ./images/BPM_MSE_Trend_B1.png used on input line 11.
(pdftex.def)             Requested size: 199.97757pt x 133.31805pt.

<./images/BPM_MSE_Trend_B2.png, id=862, 433.62pt x 289.08pt>
File: ./images/BPM_MSE_Trend_B2.png Graphic file (type png)

<use ./images/BPM_MSE_Trend_B2.png>
Package pdftex.def Info: ./images/BPM_MSE_Trend_B2.png used on input line 18.
(pdftex.def)             Requested size: 199.97757pt x 133.31805pt.
 [18

pdfTeX warning (ext4): destination with the same identifier (name{figure.4.1}) 
has been already used, duplicate ignored

\AtBegShi@Output ...ipout \box \AtBeginShipoutBox 
                                                  \fi \fi 
l.27 
     pdfTeX warning (ext4): destination with the same identifier (name{figure.4
.2}) has been already used, duplicate ignored

\AtBegShi@Output ...ipout \box \AtBeginShipoutBox 
                                                  \fi \fi 
l.27 
      <./images/BPM_MSE_Trend_B1.png> <./images/BPM_MSE_Trend_B2.png>]
<./images/BPM_MSE_Diff_B1.png, id=882, 433.62pt x 289.08pt>
File: ./images/BPM_MSE_Diff_B1.png Graphic file (type png)

<use ./images/BPM_MSE_Diff_B1.png>
Package pdftex.def Info: ./images/BPM_MSE_Diff_B1.png used on input line 33.
(pdftex.def)             Requested size: 199.97757pt x 133.31805pt.

<./images/BPM_MSE_Diff_B2.png, id=883, 433.62pt x 289.08pt>
File: ./images/BPM_MSE_Diff_B2.png Graphic file (type png)

<use ./images/BPM_MSE_Diff_B2.png>
Package pdftex.def Info: ./images/BPM_MSE_Diff_B2.png used on input line 40.
(pdftex.def)             Requested size: 199.97757pt x 133.31805pt.
 [19pdfTeX warning (ext4): destination with the same identifier (name{figure.4.
3}) has been already used, duplicate ignored

\AtBegShi@Output ...ipout \box \AtBeginShipoutBox 
                                                  \fi \fi 
l.53 
     pdfTeX warning (ext4): destination with the same identifier (name{figure.4
.4}) has been already used, duplicate ignored

\AtBegShi@Output ...ipout \box \AtBeginShipoutBox 
                                                  \fi \fi 
l.53 
      <./images/BPM_MSE_Diff_B1.png> <./images/BPM_MSE_Diff_B2.png>]
<./images/3D_LOF_Results.png, id=903, 454.69875pt x 310.15875pt>
File: ./images/3D_LOF_Results.png Graphic file (type png)

<use ./images/3D_LOF_Results.png>
Package pdftex.def Info: ./images/3D_LOF_Results.png used on input line 60.
(pdftex.def)             Requested size: 336.80128pt x 229.74104pt.

<./images/Beam2_3D_LOF_Results.png, id=904, 454.69875pt x 310.15875pt>
File: ./images/Beam2_3D_LOF_Results.png Graphic file (type png)

<use ./images/Beam2_3D_LOF_Results.png>
Package pdftex.def Info: ./images/Beam2_3D_LOF_Results.png used on input line 6
7.
(pdftex.def)             Requested size: 336.80128pt x 229.74104pt.
 [20pdfTeX warning (ext4): destination with the same identifier (name{figure.4.
5}) has been already used, duplicate ignored

\AtBegShi@Output ...ipout \box \AtBeginShipoutBox 
                                                  \fi \fi 
l.71 
      <./images/3D_LOF_Results.png>]
<./images/3D_LOF_BLMBPM.png, id=915, 389.455pt x 279.0425pt>
File: ./images/3D_LOF_BLMBPM.png Graphic file (type png)

<use ./images/3D_LOF_BLMBPM.png>
Package pdftex.def Info: ./images/3D_LOF_BLMBPM.png used on input line 75.
(pdftex.def)             Requested size: 336.80128pt x 241.32585pt.

<./images/3D_LOF_ResultsBPMIntensity.png, id=916, 389.455pt x 279.0425pt>
File: ./images/3D_LOF_ResultsBPMIntensity.png Graphic file (type png)

<use ./images/3D_LOF_ResultsBPMIntensity.png>
Package pdftex.def Info: ./images/3D_LOF_ResultsBPMIntensity.png used on input 
line 82.
(pdftex.def)             Requested size: 336.80128pt x 241.32585pt.
 [21pdfTeX warning (ext4): destination with the same identifier (name{figure.4.
6}) has been already used, duplicate ignored

\AtBegShi@Output ...ipout \box \AtBeginShipoutBox 
                                                  \fi \fi 
l.86 
     pdfTeX warning (ext4): destination with the same identifier (name{figure.4
.7}) has been already used, duplicate ignored

\AtBegShi@Output ...ipout \box \AtBeginShipoutBox 
                                                  \fi \fi 
l.86 
      <./images/Beam2_3D_LOF_Results.png> <./images/3D_LOF_BLMBPM.png>]
<./images/DBSCAN_Results.png, id=931, 454.69875pt x 310.15875pt>
File: ./images/DBSCAN_Results.png Graphic file (type png)

<use ./images/DBSCAN_Results.png>
Package pdftex.def Info: ./images/DBSCAN_Results.png used on input line 95.
(pdftex.def)             Requested size: 336.80128pt x 229.74104pt.
 [22pdfTeX warning (ext4): destination with the same identifier (name{figure.4.
8}) has been already used, duplicate ignored

\AtBegShi@Output ...ipout \box \AtBeginShipoutBox 
                                                  \fi \fi 
l.99 
      <./images/3D_LOF_ResultsBPMIntensity.png>]
<./images/Beam2_DBSCAN_Results.png, id=939, 454.69875pt x 310.15875pt>
File: ./images/Beam2_DBSCAN_Results.png Graphic file (type png)

<use ./images/Beam2_DBSCAN_Results.png>
Package pdftex.def Info: ./images/Beam2_DBSCAN_Results.png used on input line 1
02.
(pdftex.def)             Requested size: 336.80128pt x 229.74104pt.
 [23pdfTeX warning (ext4): destination with the same identifier (name{figure.4.
9}) has been already used, duplicate ignored

\AtBegShi@Output ...ipout \box \AtBeginShipoutBox 
                                                  \fi \fi 
l.109 
      pdfTeX warning (ext4): destination with the same identifier (name{figure.
4.10}) has been already used, duplicate ignored

\AtBegShi@Output ...ipout \box \AtBeginShipoutBox 
                                                  \fi \fi 
l.109 
       <./images/DBSCAN_Results.png> <./images/Beam2_DBSCAN_Results.png>]
<./images/Full_Results.png, id=952, 454.69875pt x 310.15875pt>
File: ./images/Full_Results.png Graphic file (type png)

<use ./images/Full_Results.png>
Package pdftex.def Info: ./images/Full_Results.png used on input line 114.
(pdftex.def)             Requested size: 336.80128pt x 229.74104pt.

<./images/Beam2_Full_Results.png, id=953, 454.69875pt x 310.15875pt>
File: ./images/Beam2_Full_Results.png Graphic file (type png)

<use ./images/Beam2_Full_Results.png>
Package pdftex.def Info: ./images/Beam2_Full_Results.png used on input line 121
.
(pdftex.def)             Requested size: 336.80128pt x 229.74104pt.
 [24pdfTeX warning (ext4): destination with the same identifier (name{figure.4.
11}) has been already used, duplicate ignored

\AtBegShi@Output ...ipout \box \AtBeginShipoutBox 
                                                  \fi \fi 
l.125 
       <./images/Full_Results.png>]
<./images/Beam2_Full_BLMBPM.png, id=961, 389.455pt x 279.0425pt>
File: ./images/Beam2_Full_BLMBPM.png Graphic file (type png)

<use ./images/Beam2_Full_BLMBPM.png>
Package pdftex.def Info: ./images/Beam2_Full_BLMBPM.png used on input line 128.

(pdftex.def)             Requested size: 336.80128pt x 241.32585pt.

<./images/Beam2_Full_ResultsBPMIntensity.png, id=962, 389.455pt x 279.0425pt>
File: ./images/Beam2_Full_ResultsBPMIntensity.png Graphic file (type png)

<use ./images/Beam2_Full_ResultsBPMIntensity.png>
Package pdftex.def Info: ./images/Beam2_Full_ResultsBPMIntensity.png used on in
put line 135.
(pdftex.def)             Requested size: 336.80128pt x 241.32585pt.
 [25pdfTeX warning (ext4): destination with the same identifier (name{figure.4.
12}) has been already used, duplicate ignored

\AtBegShi@Output ...ipout \box \AtBeginShipoutBox 
                                                  \fi \fi 
l.139 
      pdfTeX warning (ext4): destination with the same identifier (name{figure.
4.13}) has been already used, duplicate ignored

\AtBegShi@Output ...ipout \box \AtBeginShipoutBox 
                                                  \fi \fi 
l.139 
       <./images/Beam2_Full_Results.png> <./images/Beam2_Full_BLMBPM.png>]
<./images/PCA_Results.png, id=972, 454.69875pt x 310.15875pt>
File: ./images/PCA_Results.png Graphic file (type png)

<use ./images/PCA_Results.png>
Package pdftex.def Info: ./images/PCA_Results.png used on input line 146.
(pdftex.def)             Requested size: 336.80128pt x 229.74104pt.
 [26pdfTeX warning (ext4): destination with the same identifier (name{figure.4.
14}) has been already used, duplicate ignored

\AtBegShi@Output ...ipout \box \AtBeginShipoutBox 
                                                  \fi \fi 
l.150 
       <./images/Beam2_Full_ResultsBPMIntensity.png>]
<./images/Beam2_PCA_Results.png, id=980, 454.69875pt x 310.15875pt>
File: ./images/Beam2_PCA_Results.png Graphic file (type png)

<use ./images/Beam2_PCA_Results.png>
Package pdftex.def Info: ./images/Beam2_PCA_Results.png used on input line 153.

(pdftex.def)             Requested size: 336.80128pt x 229.74104pt.
 [27pdfTeX warning (ext4): destination with the same identifier (name{figure.4.
15}) has been already used, duplicate ignored

\AtBegShi@Output ...ipout \box \AtBeginShipoutBox 
                                                  \fi \fi 
l.160 
      pdfTeX warning (ext4): destination with the same identifier (name{figure.
4.16}) has been already used, duplicate ignored

\AtBegShi@Output ...ipout \box \AtBeginShipoutBox 
                                                  \fi \fi 
l.160 
       <./images/PCA_Results.png> <./images/Beam2_PCA_Results.png>]
<./images/TrueAnomalies.png, id=989, 454.69875pt x 310.15875pt>
File: ./images/TrueAnomalies.png Graphic file (type png)

<use ./images/TrueAnomalies.png>
Package pdftex.def Info: ./images/TrueAnomalies.png used on input line 163.
(pdftex.def)             Requested size: 294.69872pt x 201.0234pt.

<./images/Beam2_TrueAnomalies.png, id=990, 454.69875pt x 310.15875pt>
File: ./images/Beam2_TrueAnomalies.png Graphic file (type png)

<use ./images/Beam2_TrueAnomalies.png>
Package pdftex.def Info: ./images/Beam2_TrueAnomalies.png used on input line 17
0.
(pdftex.def)             Requested size: 294.69872pt x 201.0234pt.
) (./Chapter5/evaluation.tex [28pdfTeX warning (ext4): destination with the sam
e identifier (name{figure.4.17}) has been already used, duplicate ignored

\AtBegShi@Output ...ipout \box \AtBeginShipoutBox 
                                                  \fi \fi 
l.1 \chapter
            {Evaluation}pdfTeX warning (ext4): destination with the same identi
fier (name{figure.4.18}) has been already used, duplicate ignored

\AtBegShi@Output ...ipout \box \AtBeginShipoutBox 
                                                  \fi \fi 
l.1 \chapter
            {Evaluation} <./images/TrueAnomalies.png> <./images/Beam2_TrueAnoma
lies.png>]
Package acronym Info: Label `acro:TPR' newly defined as it shall be overridden
although it is yet undefined on input line 6.
Package acronym Info: Label `acro:TNR' newly defined as it shall be overridden
although it is yet undefined on input line 6.
Package acronym Info: Label `acro:FPR' newly defined as it shall be overridden
although it is yet undefined on input line 6.
Package acronym Info: Label `acro:FNR' newly defined as it shall be overridden
although it is yet undefined on input line 6.
 [29

] [30pdfTeX warning (ext4): destination with the same identifier (name{table.5.
1}) has been already used, duplicate ignored

\AtBegShi@Output ...ipout \box \AtBeginShipoutBox 
                                                  \fi \fi 
l.103 \end{table}
                 pdfTeX warning (ext4): destination with the same identifier (n
ame{table.5.2}) has been already used, duplicate ignored

\AtBegShi@Output ...ipout \box \AtBeginShipoutBox 
                                                  \fi \fi 
l.103 \end{table}
                 pdfTeX warning (ext4): destination with the same identifier (n
ame{table.5.3}) has been already used, duplicate ignored

\AtBegShi@Output ...ipout \box \AtBeginShipoutBox 
                                                  \fi \fi 
l.103 \end{table}
                 ]) (./Chapter6/conclusion.tex [31pdfTeX warning (ext4): destin
ation with the same identifier (name{table.5.4}) has been already used, duplica
te ignored

\AtBegShi@Output ...ipout \box \AtBeginShipoutBox 
                                                  \fi \fi 
l.1 \chapter
            {Conclusions and Further Work}pdfTeX warning (ext4): destination wi
th the same identifier (name{table.5.5}) has been already used, duplicate ignor
ed

\AtBegShi@Output ...ipout \box \AtBeginShipoutBox 
                                                  \fi \fi 
l.1 \chapter
            {Conclusions and Further Work}pdfTeX warning (ext4): destination wi
th the same identifier (name{table.5.6}) has been already used, duplicate ignor
ed

\AtBegShi@Output ...ipout \box \AtBeginShipoutBox 
                                                  \fi \fi 
l.1 \chapter
            {Conclusions and Further Work}]) [32

] [33] (./main.bbl [34



])
No file main.ind.
(./Appendix/code.tex [35]
(/usr/share/texlive/texmf-dist/tex/latex/listings/lstlang1.sty
File: lstlang1.sty 2015/06/04 1.6 listings language file
)
(/usr/share/texlive/texmf-dist/tex/latex/listings/lstlang1.sty
File: lstlang1.sty 2015/06/04 1.6 listings language file
))
(./Appendix/plots.tex
<./images/TrueAnomalies_BLMBPM.png, id=1089, 389.455pt x 279.0425pt>
File: ./images/TrueAnomalies_BLMBPM.png Graphic file (type png)

<use ./images/TrueAnomalies_BLMBPM.png>
Package pdftex.def Info: ./images/TrueAnomalies_BLMBPM.png used on input line 7
.
(pdftex.def)             Requested size: 336.80128pt x 241.32585pt.

<./images/TrueAnomalies_BPMIntensity.png, id=1090, 389.455pt x 279.0425pt>
File: ./images/TrueAnomalies_BPMIntensity.png Graphic file (type png)

<use ./images/TrueAnomalies_BPMIntensity.png>
Package pdftex.def Info: ./images/TrueAnomalies_BPMIntensity.png used on input 
line 12.
(pdftex.def)             Requested size: 336.80128pt x 241.32585pt.
 [36

]
<./images/Beam2_TrueAnomalies_BLMBPM.png, id=1104, 389.455pt x 279.0425pt>
File: ./images/Beam2_TrueAnomalies_BLMBPM.png Graphic file (type png)

<use ./images/Beam2_TrueAnomalies_BLMBPM.png>
Package pdftex.def Info: ./images/Beam2_TrueAnomalies_BLMBPM.png used on input 
line 17.
(pdftex.def)             Requested size: 336.80128pt x 241.32585pt.

<./images/Beam2_TrueAnomalies_BPMIntensity.png, id=1105, 389.455pt x 279.0425pt
>
File: ./images/Beam2_TrueAnomalies_BPMIntensity.png Graphic file (type png)
 <use ./images/Beam2_TrueAnomalies_BPMIntensity.png>
Package pdftex.def Info: ./images/Beam2_TrueAnomalies_BPMIntensity.png used on 
input line 22.
(pdftex.def)             Requested size: 336.80128pt x 241.32585pt.
 [37pdfTeX warning (ext4): destination with the same identifier (name{figure.Al
ph0.1}) has been already used, duplicate ignored

\AtBegShi@Output ...ipout \box \AtBeginShipoutBox 
                                                  \fi \fi 
l.24 \end{figure}
                 pdfTeX warning (ext4): destination with the same identifier (n
ame{figure.Alph0.2}) has been already used, duplicate ignored

\AtBegShi@Output ...ipout \box \AtBeginShipoutBox 
                                                  \fi \fi 
l.24 \end{figure}
                  <./images/TrueAnomalies_BLMBPM.png> <./images/TrueAnomalies_B
PMIntensity.png>])
No complaints by nag.
[38pdfTeX warning (ext4): destination with the same identifier (name{figure.Alp
h0.3}) has been already used, duplicate ignored

\AtBegShi@Output ...ipout \box \AtBeginShipoutBox 
                                                  \fi \fi 
l.77 \end{document}
                   pdfTeX warning (ext4): destination with the same identifier 
(name{figure.Alph0.4}) has been already used, duplicate ignored

\AtBegShi@Output ...ipout \box \AtBeginShipoutBox 
                                                  \fi \fi 
l.77 \end{document}
                    <./images/Beam2_TrueAnomalies_BLMBPM.png> <./images/Beam2_T
rueAnomalies_BPMIntensity.png>]
\tf@toc=\write7
\openout7 = `main.toc'.

\tf@lof=\write8
\openout8 = `main.lof'.

\tf@lot=\write9
\openout9 = `main.lot'.

Package atveryend Info: Empty hook `BeforeClearDocument' on input line 77.
Package atveryend Info: Empty hook `AfterLastShipout' on input line 77.
 (./main.aux)
Package atveryend Info: Executing hook `AtVeryEndDocument' on input line 77.
Package atveryend Info: Executing hook `AtEndAfterFileList' on input line 77.
Package rerunfilecheck Info: File `main.out' has not changed.
(rerunfilecheck)             Checksum: 27F74E9FB330187F77BEE79B599576BE;2281.
Package atveryend Info: Empty hook `AtVeryVeryEnd' on input line 77.
 ) 
Here is how much of TeX's memory you used:
 14901 strings out of 493029
 210735 string characters out of 6136235
 363532 words of memory out of 5000000
 17797 multiletter control sequences out of 15000+600000
 91233 words of font info for 121 fonts, out of 8000000 for 9000
 1141 hyphenation exceptions out of 8191
 39i,14n,51p,1047b,1199s stack positions out of 5000i,500n,10000p,200000b,80000s
{/usr/share/texlive/texmf-dist/fonts/enc/dvips/base/8r.enc}{/usr/share/texliv
e/texmf-dist/fonts/enc/dvips/lato/lato-01.enc}</usr/share/texlive/texmf-dist/fo
nts/type1/public/lato/Lato-Reg.pfb></usr/share/texlive/texmf-dist/fonts/type1/p
ublic/amsfonts/cm/cmmi10.pfb></usr/share/texlive/texmf-dist/fonts/type1/public/
amsfonts/cm/cmr10.pfb></usr/share/texlive/texmf-dist/fonts/type1/public/amsfont
s/cm/cmsy10.pfb></usr/share/texlive/texmf-dist/fonts/type1/public/mathpazo/fplm
ri.pfb></usr/share/texlive/texmf-dist/fonts/type1/urw/avantgar/uagd8a.pfb></usr
/share/texlive/texmf-dist/fonts/type1/urw/avantgar/uagk8a.pfb></usr/share/texli
ve/texmf-dist/fonts/type1/urw/avantgar/uagko8a.pfb></usr/share/texlive/texmf-di
st/fonts/type1/urw/palatino/uplb8a.pfb></usr/share/texlive/texmf-dist/fonts/typ
e1/urw/palatino/uplr8a.pfb></usr/share/texlive/texmf-dist/fonts/type1/urw/palat
ino/uplr8a.pfb></usr/share/texlive/texmf-dist/fonts/type1/urw/palatino/uplri8a.
pfb>
Output written on main.pdf (49 pages, 2177304 bytes).
PDF statistics:
 1233 PDF objects out of 1440 (max. 8388607)
 1083 compressed objects within 11 object streams
 325 named destinations out of 1000 (max. 500000)
 471 words of extra memory for PDF output out of 10000 (max. 10000000)

